TN:
SF:src\components\ui\use-toast.ts
FN:33,genId
FN:62,(anonymous_1)
FN:67,(anonymous_2)
FN:78,(anonymous_3)
FN:89,(anonymous_4)
FN:102,(anonymous_5)
FN:109,(anonymous_6)
FN:128,(anonymous_7)
FN:137,dispatch
FN:139,(anonymous_9)
FN:146,toast
FN:149,(anonymous_11)
FN:154,(anonymous_12)
FN:162,(anonymous_13)
FN:175,useToast
FN:178,(anonymous_15)
FN:180,(anonymous_16)
FN:191,(anonymous_17)
FNF:18
FNH:8
FNDA:7,genId
FNDA:0,(anonymous_1)
FNDA:0,(anonymous_2)
FNDA:7,(anonymous_3)
FNDA:0,(anonymous_4)
FNDA:0,(anonymous_5)
FNDA:0,(anonymous_6)
FNDA:0,(anonymous_7)
FNDA:7,dispatch
FNDA:7,(anonymous_9)
FNDA:7,toast
FNDA:0,(anonymous_11)
FNDA:0,(anonymous_12)
FNDA:0,(anonymous_13)
FNDA:15,useToast
FNDA:11,(anonymous_15)
FNDA:11,(anonymous_16)
FNDA:0,(anonymous_17)
DA:11,1
DA:12,1
DA:22,1
DA:31,1
DA:34,7
DA:35,7
DA:60,1
DA:62,1
DA:63,0
DA:64,0
DA:67,0
DA:68,0
DA:69,0
DA:75,0
DA:78,1
DA:79,7
DA:81,7
DA:87,0
DA:90,0
DA:95,0
DA:99,0
DA:100,0
DA:102,0
DA:103,0
DA:107,0
DA:110,0
DA:120,0
DA:121,0
DA:126,0
DA:128,0
DA:133,1
DA:135,1
DA:138,7
DA:139,7
DA:140,7
DA:147,7
DA:149,7
DA:150,0
DA:154,7
DA:156,7
DA:163,0
DA:168,7
DA:176,15
DA:178,15
DA:179,11
DA:180,11
DA:181,11
DA:182,11
DA:183,11
DA:188,15
DA:191,0
LF:51
LH:29
BRDA:63,0,0,0
BRDA:63,0,1,0
BRDA:79,1,0,7
BRDA:79,1,1,0
BRDA:79,1,2,0
BRDA:79,1,3,0
BRDA:90,2,0,0
BRDA:90,2,1,0
BRDA:99,3,0,0
BRDA:99,3,1,0
BRDA:110,4,0,0
BRDA:110,4,1,0
BRDA:110,5,0,0
BRDA:110,5,1,0
BRDA:120,6,0,0
BRDA:120,6,1,0
BRDA:163,7,0,0
BRDA:163,7,1,0
BRDA:182,8,0,11
BRDA:182,8,1,0
BRF:20
BRH:2
end_of_record
TN:
SF:src\context\PemesananContext.tsx
FN:19,(anonymous_0)
FN:32,(anonymous_1)
FNF:2
FNH:2
FNDA:15,(anonymous_0)
FNDA:15,(anonymous_1)
DA:10,1
DA:19,1
DA:21,15
DA:24,15
DA:32,1
DA:33,15
DA:34,15
DA:35,0
DA:37,15
LF:9
LH:8
BRDA:34,0,0,0
BRDA:34,0,1,15
BRF:2
BRH:1
end_of_record
TN:
SF:src\hooks\usePemesanan.ts
FN:20,usePemesanan
FN:39,(anonymous_1)
FN:48,(anonymous_2)
FN:193,(anonymous_3)
FN:196,(anonymous_4)
FN:216,(anonymous_5)
FN:223,(anonymous_6)
FN:235,(anonymous_7)
FN:242,(anonymous_8)
FN:250,(anonymous_9)
FN:264,(anonymous_10)
FN:287,(anonymous_11)
FN:307,(anonymous_12)
FN:308,(anonymous_13)
FN:309,(anonymous_14)
FN:341,(anonymous_15)
FN:347,(anonymous_16)
FN:353,(anonymous_17)
FN:355,(anonymous_18)
FN:355,(anonymous_19)
FN:363,(anonymous_20)
FN:364,(anonymous_21)
FN:364,(anonymous_22)
FN:369,(anonymous_23)
FN:378,(anonymous_24)
FN:381,(anonymous_25)
FN:407,(anonymous_26)
FN:413,(anonymous_27)
FNF:28
FNH:17
FNDA:15,usePemesanan
FNDA:4,(anonymous_1)
FNDA:0,(anonymous_2)
FNDA:0,(anonymous_3)
FNDA:0,(anonymous_4)
FNDA:14,(anonymous_5)
FNDA:14,(anonymous_6)
FNDA:5,(anonymous_7)
FNDA:5,(anonymous_8)
FNDA:0,(anonymous_9)
FNDA:4,(anonymous_10)
FNDA:4,(anonymous_11)
FNDA:1,(anonymous_12)
FNDA:1,(anonymous_13)
FNDA:1,(anonymous_14)
FNDA:0,(anonymous_15)
FNDA:0,(anonymous_16)
FNDA:0,(anonymous_17)
FNDA:0,(anonymous_18)
FNDA:0,(anonymous_19)
FNDA:1,(anonymous_20)
FNDA:1,(anonymous_21)
FNDA:1,(anonymous_22)
FNDA:1,(anonymous_23)
FNDA:1,(anonymous_24)
FNDA:1,(anonymous_25)
FNDA:0,(anonymous_26)
FNDA:0,(anonymous_27)
DA:21,15
DA:22,15
DA:23,15
DA:24,15
DA:25,15
DA:26,15
DA:29,15
DA:31,15
DA:32,15
DA:35,15
DA:39,15
DA:41,4
DA:42,4
DA:44,4
DA:45,4
DA:46,4
DA:48,4
DA:54,0
DA:190,4
DA:191,4
DA:193,4
DA:194,0
DA:196,0
DA:197,0
DA:198,0
DA:203,0
DA:206,0
DA:209,4
DA:211,0
DA:212,0
DA:216,15
DA:217,14
DA:218,14
DA:220,0
DA:223,15
DA:225,14
DA:235,14
DA:236,5
DA:237,5
DA:242,14
DA:243,5
DA:245,5
DA:246,5
DA:250,14
DA:252,0
DA:253,0
DA:254,0
DA:257,14
DA:264,15
DA:265,4
DA:271,4
DA:282,4
DA:284,4
DA:287,4
DA:288,4
DA:289,4
DA:291,0
DA:292,0
DA:294,0
DA:295,0
DA:301,0
DA:302,0
DA:304,0
DA:307,15
DA:308,1
DA:309,1
DA:310,1
DA:311,1
DA:318,1
DA:324,1
DA:325,1
DA:332,0
DA:335,1
DA:341,15
DA:342,0
DA:343,0
DA:347,15
DA:348,0
DA:349,0
DA:353,15
DA:354,0
DA:355,0
DA:356,0
DA:357,0
DA:363,15
DA:364,1
DA:365,1
DA:369,15
DA:370,1
DA:371,0
DA:372,0
DA:376,1
DA:378,1
DA:380,1
DA:381,1
DA:384,1
DA:396,1
DA:397,1
DA:398,1
DA:399,1
DA:400,1
DA:401,1
DA:402,1
DA:403,1
DA:407,15
DA:408,0
DA:409,0
DA:413,15
DA:414,0
DA:417,15
LF:110
LH:76
BRDA:35,0,0,15
BRDA:35,0,1,0
BRDA:45,1,0,4
BRDA:45,1,1,0
BRDA:50,2,0,0
BRDA:50,2,1,0
BRDA:194,3,0,0
BRDA:194,3,1,0
BRDA:194,4,0,0
BRDA:194,4,1,0
BRDA:194,4,2,0
BRDA:197,5,0,0
BRDA:197,5,1,0
BRDA:203,6,0,0
BRDA:203,6,1,0
BRDA:236,7,0,5
BRDA:236,7,1,0
BRDA:243,8,0,5
BRDA:243,8,1,0
BRDA:245,9,0,5
BRDA:245,9,1,0
BRDA:246,10,0,5
BRDA:246,10,1,5
BRDA:252,11,0,0
BRDA:252,11,1,0
BRDA:253,12,0,0
BRDA:253,12,1,0
BRDA:254,13,0,0
BRDA:254,13,1,0
BRDA:268,14,0,4
BRDA:268,14,1,0
BRDA:278,15,0,4
BRDA:278,15,1,0
BRDA:291,16,0,0
BRDA:291,16,1,0
BRDA:307,17,0,1
BRDA:310,18,0,1
BRDA:310,18,1,0
BRDA:320,19,0,1
BRDA:320,19,1,0
BRDA:324,20,0,1
BRDA:324,20,1,0
BRDA:328,21,0,1
BRDA:328,21,1,0
BRDA:354,22,0,0
BRDA:354,22,1,0
BRDA:370,23,0,0
BRDA:370,23,1,1
BRDA:380,24,0,1
BRDA:380,24,1,0
BRDA:385,25,0,1
BRDA:385,25,1,0
BRDA:386,26,0,1
BRDA:386,26,1,0
BRDA:387,27,0,1
BRDA:387,27,1,0
BRDA:388,28,0,1
BRDA:388,28,1,0
BRDA:389,29,0,1
BRDA:389,29,1,0
BRDA:390,30,0,1
BRDA:390,30,1,0
BRF:62
BRH:22
end_of_record
TN:
SF:src\lib\mockStorage.ts
FN:3,createMockStorage
FN:7,(anonymous_1)
FN:11,(anonymous_2)
FN:14,(anonymous_3)
FNF:4
FNH:3
FNDA:4,createMockStorage
FNDA:4,(anonymous_1)
FNDA:14,(anonymous_2)
FNDA:0,(anonymous_3)
DA:4,4
DA:6,4
DA:8,4
DA:9,4
DA:12,14
DA:15,0
LF:6
LH:5
BRDA:3,0,0,4
BRDA:9,1,0,4
BRDA:9,1,1,0
BRF:3
BRH:2
end_of_record
TN:
SF:src\lib\schema.ts
FN:7,(anonymous_0)
FN:15,(anonymous_1)
FN:18,(anonymous_2)
FNF:3
FNH:3
FNDA:4,(anonymous_0)
FNDA:4,(anonymous_1)
FNDA:4,(anonymous_2)
DA:4,1
DA:7,4
DA:13,1
DA:15,4
DA:18,4
LF:5
LH:5
BRDA:7,0,0,4
BRDA:7,0,1,4
BRDA:15,1,0,4
BRDA:15,1,1,4
BRDA:18,2,0,4
BRDA:18,2,1,4
BRF:6
BRH:6
end_of_record
TN:
SF:src\lib\storage.ts
FN:8,(anonymous_0)
FN:20,(anonymous_1)
FN:27,(anonymous_2)
FNF:3
FNH:0
FNDA:0,(anonymous_0)
FNDA:0,(anonymous_1)
FNDA:0,(anonymous_2)
DA:7,1
DA:9,0
DA:10,0
DA:11,0
DA:16,0
DA:17,0
DA:21,0
DA:22,0
DA:24,0
DA:28,0
DA:29,0
DA:31,0
DA:36,1
LF:13
LH:2
BRDA:11,0,0,0
BRDA:11,0,1,0
BRF:2
BRH:0
end_of_record
